Noise_camera/OpenCV4.5.2/build/intermediates/manifest_merge_blame_file/debug/manifest-merger-blame-debug-report.txt
1<?xml version="1.0" encoding="utf-8"?>
2<manifest xmlns:android="http://schemas.android.com/apk/res/android"
3    package="org.opencv"
4    android:versionCode="405020"
5    android:versionName="4.5.2" >
6
7    <uses-sdk
8        android:minSdkVersion="24"
8-->OpenCV4.5.2/java/AndroidManifest.xml
9        android:targetSdkVersion="30" />
9-->OpenCV4.5.2/java/AndroidManifest.xml
10
11</manifest>